{"C:\\Development\\qlink\\Client\\fika-frontend-exercise\\src\\components\\FilmItem.tsx": {"path":"C:\\Development\\qlink\\Client\\fika-frontend-exercise\\src\\components\\FilmItem.tsx","statementMap":{"0":{"start":{"line":4,"column":2},"end":{"line":4,"column":15}}},"fnMap":{"0":{"name":"FilmItem","decl":{"start":{"line":3,"column":24},"end":{"line":3,"column":32}},"loc":{"start":{"line":3,"column":35},"end":{"line":5,"column":1}},"line":3}},"branchMap":{},"s":{"0":1},"f":{"0":1},"b":{},"_coverageSchema":"1a1c01bbd47fc00a2c39e90264f33305004495a9","hash":"869cc09579b7be46ba98d8569a7621568cf1c4d1"}
,"C:\\Development\\qlink\\Client\\fika-frontend-exercise\\src\\components\\SearchBar.tsx": {"path":"C:\\Development\\qlink\\Client\\fika-frontend-exercise\\src\\components\\SearchBar.tsx","statementMap":{"0":{"start":{"line":4,"column":2},"end":{"line":4,"column":15}}},"fnMap":{"0":{"name":"SearchBar","decl":{"start":{"line":3,"column":24},"end":{"line":3,"column":33}},"loc":{"start":{"line":3,"column":36},"end":{"line":5,"column":1}},"line":3}},"branchMap":{},"s":{"0":1},"f":{"0":1},"b":{},"_coverageSchema":"1a1c01bbd47fc00a2c39e90264f33305004495a9","hash":"d55a92ce548619ecb193b466979a054f5dfd7bca"}
,"C:\\Development\\qlink\\Client\\fika-frontend-exercise\\src\\screens\\Films.tsx": {"path":"C:\\Development\\qlink\\Client\\fika-frontend-exercise\\src\\screens\\Films.tsx","statementMap":{"0":{"start":{"line":4,"column":21},"end":{"line":6,"column":1}},"1":{"start":{"line":5,"column":2},"end":{"line":5,"column":36}}},"fnMap":{"0":{"name":"(anonymous_0)","decl":{"start":{"line":4,"column":21},"end":{"line":4,"column":22}},"loc":{"start":{"line":4,"column":27},"end":{"line":6,"column":1}},"line":4}},"branchMap":{},"s":{"0":1,"1":1},"f":{"0":1},"b":{},"_coverageSchema":"1a1c01bbd47fc00a2c39e90264f33305004495a9","hash":"58dbc3eac19b212928719c9fc0c37d52fdff652a"}
}
