TN:
SF:src\components\FilmItem.tsx
FN:12,FilmItem
FN:13,(anonymous_1)
FNF:2
FNH:2
FNDA:1,FilmItem
FNDA:1,(anonymous_1)
DA:13,1
DA:14,1
DA:17,1
LF:3
LH:3
BRF:0
BRH:0
end_of_record
TN:
SF:src\components\FilterBar.tsx
FN:14,FilterBar
FN:20,(anonymous_1)
FN:21,(anonymous_2)
FN:54,(anonymous_3)
FNF:4
FNH:0
FNDA:0,FilterBar
FNDA:0,(anonymous_1)
FNDA:0,(anonymous_2)
FNDA:0,(anonymous_3)
DA:15,0
DA:17,0
DA:18,0
DA:20,0
DA:21,0
DA:22,0
DA:23,0
DA:25,0
DA:29,0
DA:30,0
DA:38,0
DA:43,0
DA:46,0
DA:49,0
DA:54,0
DA:62,1
LF:16
LH:1
BRDA:29,0,0,0
BRDA:29,0,1,0
BRDA:43,1,0,0
BRDA:43,1,1,0
BRDA:56,2,0,0
BRDA:56,2,1,0
BRF:6
BRH:0
end_of_record
TN:
SF:src\components\SearchBar.tsx
FN:17,SearchBar
FN:23,(anonymous_1)
FN:24,(anonymous_2)
FN:46,(anonymous_3)
FNF:4
FNH:1
FNDA:2,SearchBar
FNDA:0,(anonymous_1)
FNDA:0,(anonymous_2)
FNDA:0,(anonymous_3)
DA:18,2
DA:20,0
DA:21,0
DA:23,0
DA:24,0
DA:25,0
DA:27,0
DA:29,0
DA:34,0
DA:37,0
DA:40,0
DA:47,0
DA:54,2
LF:13
LH:2
BRDA:34,0,0,0
BRDA:34,0,1,0
BRF:2
BRH:0
end_of_record
TN:
SF:src\screens\Films.tsx
FN:10,(anonymous_0)
FN:26,(anonymous_1)
FN:33,(anonymous_2)
FNF:3
FNH:1
FNDA:2,(anonymous_0)
FNDA:0,(anonymous_1)
FNDA:0,(anonymous_2)
DA:10,1
DA:11,2
DA:12,0
DA:14,0
DA:27,0
DA:33,0
DA:42,1
LF:7
LH:3
BRDA:21,0,0,0
BRDA:21,0,1,0
BRDA:22,1,0,0
BRDA:22,1,1,0
BRDA:22,2,0,0
BRDA:22,2,1,0
BRF:6
BRH:0
end_of_record
TN:
SF:src\store\filmSlice.ts
FN:39,(anonymous_0)
FN:49,(anonymous_1)
FN:59,(anonymous_2)
FN:67,(anonymous_3)
FN:81,(anonymous_4)
FN:82,(anonymous_5)
FN:83,(anonymous_6)
FN:85,(anonymous_7)
FNF:8
FNH:0
FNDA:0,(anonymous_0)
FNDA:0,(anonymous_1)
FNDA:0,(anonymous_2)
FNDA:0,(anonymous_3)
FNDA:0,(anonymous_4)
FNDA:0,(anonymous_5)
FNDA:0,(anonymous_6)
FNDA:0,(anonymous_7)
DA:28,2
DA:34,2
DA:43,0
DA:53,0
DA:60,0
DA:68,0
DA:78,2
DA:81,2
DA:82,2
DA:83,2
DA:84,0
DA:85,2
DA:86,0
LF:13
LH:7
BRDA:45,0,0,0
BRDA:45,0,1,0
BRF:2
BRH:0
end_of_record
TN:
SF:src\utils\index.ts
FNF:0
FNH:0
LF:0
LH:0
BRF:0
BRH:0
end_of_record
TN:
SF:src\utils\useTypedSelector.ts
FNF:0
FNH:0
DA:4,2
LF:1
LH:1
BRF:0
BRH:0
end_of_record
